{"C:\\projects\\todoListReactNative\\TO-DO-LIST-REACT-NATIVE\\todo-list-react-native\\src\\theme.ts": {"path":"C:\\projects\\todoListReactNative\\TO-DO-LIST-REACT-NATIVE\\todo-list-react-native\\src\\theme.ts","statementMap":{},"fnMap":{},"branchMap":{},"s":{},"f":{},"b":{}}
,"C:\\projects\\todoListReactNative\\TO-DO-LIST-REACT-NATIVE\\todo-list-react-native\\src\\components\\TodoFormInput\\TodoFormInput.tsx": {"path":"C:\\projects\\todoListReactNative\\TO-DO-LIST-REACT-NATIVE\\todo-list-react-native\\src\\components\\TodoFormInput\\TodoFormInput.tsx","statementMap":{"0":{"start":{"line":10,"column":56},"end":{"line":10,"column":86}},"1":{"start":{"line":11,"column":31},"end":{"line":11,"column":41}},"2":{"start":{"line":13,"column":26},"end":{"line":21,"column":5}},"3":{"start":{"line":14,"column":8},"end":{"line":14,"column":36}},"4":{"start":{"line":15,"column":8},"end":{"line":19,"column":10}},"5":{"start":{"line":20,"column":8},"end":{"line":20,"column":34}},"6":{"start":{"line":23,"column":4},"end":{"line":46,"column":6}},"7":{"start":{"line":49,"column":15},"end":{"line":92,"column":2}}},"fnMap":{"0":{"name":"TodoFormInput","decl":{"start":{"line":9,"column":24},"end":{"line":9,"column":37}},"loc":{"start":{"line":9,"column":40},"end":{"line":47,"column":1}},"line":9},"1":{"name":"(anonymous_1)","decl":{"start":{"line":13,"column":26},"end":{"line":13,"column":27}},"loc":{"start":{"line":13,"column":32},"end":{"line":21,"column":5}},"line":13}},"branchMap":{},"s":{"0":7,"1":7,"2":7,"3":2,"4":2,"5":2,"6":7,"7":1},"f":{"0":7,"1":2},"b":{},"_coverageSchema":"1a1c01bbd47fc00a2c39e90264f33305004495a9","hash":"8994d8c953606d10b988ef5f23d7271d72b2beec"}
,"C:\\projects\\todoListReactNative\\TO-DO-LIST-REACT-NATIVE\\todo-list-react-native\\src\\components\\TodoListItem\\TodoListItem.tsx": {"path":"C:\\projects\\todoListReactNative\\TO-DO-LIST-REACT-NATIVE\\todo-list-react-native\\src\\components\\TodoListItem\\TodoListItem.tsx","statementMap":{"0":{"start":{"line":15,"column":27},"end":{"line":15,"column":37}},"1":{"start":{"line":16,"column":25},"end":{"line":23,"column":5}},"2":{"start":{"line":17,"column":8},"end":{"line":17,"column":28}},"3":{"start":{"line":18,"column":8},"end":{"line":22,"column":10}},"4":{"start":{"line":25,"column":4},"end":{"line":52,"column":6}},"5":{"start":{"line":27,"column":27},"end":{"line":27,"column":42}},"6":{"start":{"line":28,"column":36},"end":{"line":33,"column":13}},"7":{"start":{"line":42,"column":40},"end":{"line":47,"column":17}},"8":{"start":{"line":55,"column":15},"end":{"line":96,"column":2}}},"fnMap":{"0":{"name":"TodoListItem","decl":{"start":{"line":14,"column":24},"end":{"line":14,"column":36}},"loc":{"start":{"line":14,"column":77},"end":{"line":53,"column":1}},"line":14},"1":{"name":"(anonymous_1)","decl":{"start":{"line":16,"column":25},"end":{"line":16,"column":26}},"loc":{"start":{"line":16,"column":31},"end":{"line":23,"column":5}},"line":16},"2":{"name":"(anonymous_2)","decl":{"start":{"line":27,"column":21},"end":{"line":27,"column":22}},"loc":{"start":{"line":27,"column":27},"end":{"line":27,"column":42}},"line":27},"3":{"name":"(anonymous_3)","decl":{"start":{"line":28,"column":19},"end":{"line":28,"column":20}},"loc":{"start":{"line":28,"column":36},"end":{"line":33,"column":13}},"line":28},"4":{"name":"(anonymous_4)","decl":{"start":{"line":42,"column":23},"end":{"line":42,"column":24}},"loc":{"start":{"line":42,"column":40},"end":{"line":47,"column":17}},"line":42}},"branchMap":{"0":{"loc":{"start":{"line":31,"column":37},"end":{"line":31,"column":68}},"type":"cond-expr","locations":[{"start":{"line":31,"column":47},"end":{"line":31,"column":56}},{"start":{"line":31,"column":59},"end":{"line":31,"column":68}}],"line":31},"1":{"loc":{"start":{"line":45,"column":41},"end":{"line":45,"column":72}},"type":"cond-expr","locations":[{"start":{"line":45,"column":51},"end":{"line":45,"column":60}},{"start":{"line":45,"column":63},"end":{"line":45,"column":72}}],"line":45}},"s":{"0":3,"1":3,"2":1,"3":1,"4":3,"5":1,"6":3,"7":3,"8":2},"f":{"0":3,"1":1,"2":1,"3":3,"4":3},"b":{"0":[0,3],"1":[0,3]},"_coverageSchema":"1a1c01bbd47fc00a2c39e90264f33305004495a9","hash":"31e12493fb85f96489f32980d172243a011a6e3b"}
,"C:\\projects\\todoListReactNative\\TO-DO-LIST-REACT-NATIVE\\todo-list-react-native\\src\\components\\TodoListTable\\TodoListTable.tsx": {"path":"C:\\projects\\todoListReactNative\\TO-DO-LIST-REACT-NATIVE\\todo-list-react-native\\src\\components\\TodoListTable\\TodoListTable.tsx","statementMap":{"0":{"start":{"line":7,"column":20},"end":{"line":7,"column":30}},"1":{"start":{"line":9,"column":2},"end":{"line":23,"column":4}},"2":{"start":{"line":13,"column":35},"end":{"line":13,"column":47}},"3":{"start":{"line":15,"column":10},"end":{"line":15,"column":60}},"4":{"start":{"line":18,"column":10},"end":{"line":18,"column":58}},"5":{"start":{"line":26,"column":15},"end":{"line":38,"column":2}}},"fnMap":{"0":{"name":"TodoListTable","decl":{"start":{"line":6,"column":24},"end":{"line":6,"column":37}},"loc":{"start":{"line":6,"column":53},"end":{"line":24,"column":1}},"line":6},"1":{"name":"(anonymous_1)","decl":{"start":{"line":13,"column":22},"end":{"line":13,"column":23}},"loc":{"start":{"line":13,"column":35},"end":{"line":13,"column":47}},"line":13},"2":{"name":"(anonymous_2)","decl":{"start":{"line":14,"column":20},"end":{"line":14,"column":21}},"loc":{"start":{"line":15,"column":10},"end":{"line":15,"column":60}},"line":15},"3":{"name":"(anonymous_3)","decl":{"start":{"line":17,"column":29},"end":{"line":17,"column":30}},"loc":{"start":{"line":18,"column":10},"end":{"line":18,"column":58}},"line":18}},"branchMap":{},"s":{"0":2,"1":2,"2":3,"3":2,"4":2,"5":1},"f":{"0":2,"1":3,"2":2,"3":2},"b":{},"_coverageSchema":"1a1c01bbd47fc00a2c39e90264f33305004495a9","hash":"a526ad4d1ff233ead7037543668a697e6dd86f33"}
,"C:\\projects\\todoListReactNative\\TO-DO-LIST-REACT-NATIVE\\todo-list-react-native\\src\\components\\TodoModalInputUpdate\\TodoModalInputUpdate.tsx": {"path":"C:\\projects\\todoListReactNative\\TO-DO-LIST-REACT-NATIVE\\todo-list-react-native\\src\\components\\TodoModalInputUpdate\\TodoModalInputUpdate.tsx","statementMap":{"0":{"start":{"line":17,"column":25},"end":{"line":17,"column":35}},"1":{"start":{"line":18,"column":54},"end":{"line":18,"column":66}},"2":{"start":{"line":19,"column":30},"end":{"line":19,"column":42}},"3":{"start":{"line":21,"column":2},"end":{"line":29,"column":13}},"4":{"start":{"line":22,"column":4},"end":{"line":28,"column":5}},"5":{"start":{"line":23,"column":6},"end":{"line":23,"column":43}},"6":{"start":{"line":24,"column":6},"end":{"line":24,"column":25}},"7":{"start":{"line":26,"column":6},"end":{"line":26,"column":32}},"8":{"start":{"line":27,"column":6},"end":{"line":27,"column":20}},"9":{"start":{"line":32,"column":27},"end":{"line":45,"column":3}},"10":{"start":{"line":33,"column":4},"end":{"line":36,"column":5}},"11":{"start":{"line":34,"column":6},"end":{"line":34,"column":60}},"12":{"start":{"line":35,"column":6},"end":{"line":35,"column":13}},"13":{"start":{"line":38,"column":4},"end":{"line":38,"column":43}},"14":{"start":{"line":39,"column":4},"end":{"line":43,"column":6}},"15":{"start":{"line":44,"column":4},"end":{"line":44,"column":14}},"16":{"start":{"line":47,"column":2},"end":{"line":84,"column":4}},"17":{"start":{"line":87,"column":15},"end":{"line":160,"column":2}}},"fnMap":{"0":{"name":"TodoModalInputUpdate","decl":{"start":{"line":16,"column":24},"end":{"line":16,"column":44}},"loc":{"start":{"line":16,"column":89},"end":{"line":85,"column":1}},"line":16},"1":{"name":"(anonymous_1)","decl":{"start":{"line":21,"column":12},"end":{"line":21,"column":13}},"loc":{"start":{"line":21,"column":18},"end":{"line":29,"column":3}},"line":21},"2":{"name":"(anonymous_2)","decl":{"start":{"line":32,"column":27},"end":{"line":32,"column":28}},"loc":{"start":{"line":32,"column":33},"end":{"line":45,"column":3}},"line":32}},"branchMap":{"0":{"loc":{"start":{"line":22,"column":4},"end":{"line":28,"column":5}},"type":"if","locations":[{"start":{"line":22,"column":4},"end":{"line":28,"column":5}},{"start":{"line":25,"column":11},"end":{"line":28,"column":5}}],"line":22},"1":{"loc":{"start":{"line":22,"column":8},"end":{"line":22,"column":23}},"type":"binary-expr","locations":[{"start":{"line":22,"column":8},"end":{"line":22,"column":12}},{"start":{"line":22,"column":16},"end":{"line":22,"column":23}}],"line":22},"2":{"loc":{"start":{"line":33,"column":4},"end":{"line":36,"column":5}},"type":"if","locations":[{"start":{"line":33,"column":4},"end":{"line":36,"column":5}},{"start":{},"end":{}}],"line":33}},"s":{"0":20,"1":20,"2":20,"3":20,"4":9,"5":8,"6":8,"7":1,"8":1,"9":20,"10":2,"11":1,"12":1,"13":1,"14":1,"15":1,"16":20,"17":1},"f":{"0":20,"1":9,"2":2},"b":{"0":[8,1],"1":[9,8],"2":[1,1]},"_coverageSchema":"1a1c01bbd47fc00a2c39e90264f33305004495a9","hash":"cd972f9c121f6a1fcdc3acdc3c18f1764fa31b08"}
}
