TN:
SF:src\theme.ts
FNF:0
FNH:0
LF:0
LH:0
BRF:0
BRH:0
end_of_record
TN:
SF:src\components\TodoFormInput\TodoFormInput.tsx
FN:9,TodoFormInput
FN:13,(anonymous_1)
FNF:2
FNH:2
FNDA:7,TodoFormInput
FNDA:2,(anonymous_1)
DA:10,7
DA:11,7
DA:13,7
DA:14,2
DA:15,2
DA:20,2
DA:23,7
DA:49,1
LF:8
LH:8
BRF:0
BRH:0
end_of_record
TN:
SF:src\components\TodoListItem\TodoListItem.tsx
FN:14,TodoListItem
FN:16,(anonymous_1)
FN:27,(anonymous_2)
FN:28,(anonymous_3)
FN:42,(anonymous_4)
FNF:5
FNH:5
FNDA:3,TodoListItem
FNDA:1,(anonymous_1)
FNDA:1,(anonymous_2)
FNDA:3,(anonymous_3)
FNDA:3,(anonymous_4)
DA:15,3
DA:16,3
DA:17,1
DA:18,1
DA:25,3
DA:27,1
DA:28,3
DA:42,3
DA:55,2
LF:9
LH:9
BRDA:31,0,0,0
BRDA:31,0,1,3
BRDA:45,1,0,0
BRDA:45,1,1,3
BRF:4
BRH:2
end_of_record
TN:
SF:src\components\TodoListTable\TodoListTable.tsx
FN:6,TodoListTable
FN:13,(anonymous_1)
FN:14,(anonymous_2)
FN:17,(anonymous_3)
FNF:4
FNH:4
FNDA:2,TodoListTable
FNDA:3,(anonymous_1)
FNDA:2,(anonymous_2)
FNDA:2,(anonymous_3)
DA:7,2
DA:9,2
DA:13,3
DA:15,2
DA:18,2
DA:26,1
LF:6
LH:6
BRF:0
BRH:0
end_of_record
TN:
SF:src\components\TodoModalInputUpdate\TodoModalInputUpdate.tsx
FN:16,TodoModalInputUpdate
FN:21,(anonymous_1)
FN:32,(anonymous_2)
FNF:3
FNH:3
FNDA:20,TodoModalInputUpdate
FNDA:9,(anonymous_1)
FNDA:2,(anonymous_2)
DA:17,20
DA:18,20
DA:19,20
DA:21,20
DA:22,9
DA:23,8
DA:24,8
DA:26,1
DA:27,1
DA:32,20
DA:33,2
DA:34,1
DA:35,1
DA:38,1
DA:39,1
DA:44,1
DA:47,20
DA:87,1
LF:18
LH:18
BRDA:22,0,0,8
BRDA:22,0,1,1
BRDA:22,1,0,9
BRDA:22,1,1,8
BRDA:33,2,0,1
BRDA:33,2,1,1
BRF:6
BRH:6
end_of_record
